build/app/outputs/mapping/release/mapping.txt
# compiler: R8
# compiler_version: 1.5.64
# min_api: 16
# pg_map_id: 8dcdb91
...
com.google.android.gms.signin.internal.zak -> b.a.a.a.e.b.l:
    com.google.android.gms.common.ConnectionResult zapo -> b
    com.google.android.gms.common.internal.ResolveAccountResponse zata -> c
    int versionCode -> a
    com.google.android.gms.common.ConnectionResult getConnectionResult() -> c
    com.google.android.gms.common.internal.ResolveAccountResponse zacv() -> d
com.google.android.gms.signin.zaa -> b.a.a.a.e.c:
    com.google.android.gms.common.api.Api$Client buildClient(android.content.Context,android.os.Looper,com.google.android.gms.common.internal.ClientSettings,java.lang.Object,com.google.android.gms.common.api.GoogleApiClient$ConnectionCallbacks,com.google.android.gms.common.api.GoogleApiClient$OnConnectionFailedListener) -> a
com.google.android.gms.signin.zab -> b.a.a.a.e.d:
    com.google.android.gms.common.api.Api$ClientKey zasj -> b
    com.google.android.gms.common.api.Api$ClientKey CLIENT_KEY -> a
    com.google.android.gms.common.api.Api$AbstractClientBuilder zask -> d
    com.google.android.gms.common.api.Api$AbstractClientBuilder zapv -> c
com.google.android.gms.signin.zac -> b.a.a.a.e.e:
    void zaa(com.google.android.gms.signin.internal.zac) -> a
    void connect() -> k
com.google.android.gms.signin.zad -> b.a.a.a.e.f:
    com.google.android.gms.common.api.Api$Client buildClient(android.content.Context,android.os.Looper,com.google.android.gms.common.internal.ClientSettings,java.lang.Object,com.google.android.gms.common.api.GoogleApiClient$ConnectionCallbacks,com.google.android.gms.common.api.GoogleApiClient$OnConnectionFailedListener) -> a
com.google.android.gms.tasks.Continuation -> b.a.a.a.f.a:
    java.lang.Object then(com.google.android.gms.tasks.Task) -> a
com.google.android.gms.tasks.OnCanceledListener -> b.a.a.a.f.b:
    void onCanceled() -> a
com.google.android.gms.tasks.OnCompleteListener -> b.a.a.a.f.c:
    void onComplete(com.google.android.gms.tasks.Task) -> a
com.google.android.gms.tasks.OnFailureListener -> b.a.a.a.f.d:
    void onFailure(java.lang.Exception) -> a
com.google.android.gms.tasks.OnSuccessListener -> b.a.a.a.f.e:
    void onSuccess(java.lang.Object) -> a
com.google.android.gms.tasks.RuntimeExecutionException -> b.a.a.a.f.f:
com.google.android.gms.tasks.Task -> b.a.a.a.f.g:
    com.google.android.gms.tasks.Task addOnCanceledListener(java.util.concurrent.Executor,com.google.android.gms.tasks.OnCanceledListener) -> a
    com.google.android.gms.tasks.Task addOnCompleteListener(com.google.android.gms.tasks.OnCompleteListener) -> a
    com.google.android.gms.tasks.Task addOnFailureListener(com.google.android.gms.tasks.OnFailureListener) -> a
    com.google.android.gms.tasks.Task addOnFailureListener(java.util.concurrent.Executor,com.google.android.gms.tasks.OnFailureListener) -> a
    com.google.android.gms.tasks.Task addOnSuccessListener(java.util.concurrent.Executor,com.google.android.gms.tasks.OnSuccessListener) -> a
    com.google.android.gms.tasks.Task continueWithTask(com.google.android.gms.tasks.Continuation) -> a
    java.lang.Exception getException() -> a
    java.lang.Object getResult() -> b
    boolean isCanceled() -> c
    boolean isSuccessful() -> d
com.google.android.gms.tasks.TaskCompletionSource -> b.a.a.a.f.h:
    com.google.android.gms.tasks.zzu zza -> a
    com.google.android.gms.tasks.Task getTask() -> a
    void setException(java.lang.Exception) -> a
    void setResult(java.lang.Object) -> a
    boolean trySetException(java.lang.Exception) -> b
    boolean trySetResult(java.lang.Object) -> b
com.google.android.gms.tasks.TaskExecutors -> b.a.a.a.f.i:
    java.util.concurrent.Executor MAIN_THREAD -> a
    java.util.concurrent.Executor zzw -> b
com.google.android.gms.tasks.TaskExecutors$zza -> b.a.a.a.f.i$a:
    android.os.Handler mHandler -> a
com.google.android.gms.tasks.Tasks -> b.a.a.a.f.j:
    com.google.android.gms.tasks.Task forException(java.lang.Exception) -> a
    com.google.android.gms.tasks.Task forResult(java.lang.Object) -> a